[2026-03-28T00:00:00.000Z] BUILD_START: 23 tasks, strategy=balanced, mode=swarm
[2026-03-28T00:00:00.000Z] PHASE_0: SPARC context generated (pseudocode.md + architecture.md)
[2026-03-28T20:14:27.339Z] PRE_COMPACT: Snapshot saved. Task 1 of 23 (PENDING). Resume with /build.
[2026-03-28T20:28:32Z] COMPLETE: All 23 tasks done, strategy=balanced
[2026-03-28T20:38:46.555Z] PRE_COMPACT: Snapshot saved. All tasks done. Resume with /build.
[2026-03-28T21:24:49.568Z] PRE_COMPACT: Snapshot saved. All tasks done. Resume with /build.
[2026-03-28T21:31:00.425Z] PRE_COMPACT: Snapshot saved. All tasks done. Resume with /build.
[2026-03-28T21:42:19.949Z] PRE_COMPACT: Snapshot saved. All tasks done. Resume with /build.
[2026-03-29T02:01:10.424Z] PRE_COMPACT: Snapshot saved. All tasks done. Resume with /build.
[2026-03-29T03:19:35.382Z] PRE_COMPACT: Snapshot saved. All tasks done. Resume with /build.
[2026-03-29T03:26:57.829Z] PRE_COMPACT: Snapshot saved. All tasks done. Resume with /build.
[2026-03-29T04:01:33.056Z] PRE_COMPACT: Snapshot saved. All tasks done. Resume with /build.
[2026-03-29T04:39:48.786Z] PRE_COMPACT: Snapshot saved. All tasks done. Resume with /build.
[2026-03-29T04:53:17.515Z] PRE_COMPACT: Snapshot saved. All tasks done. Resume with /build.
[2026-03-29T04:59:02.800Z] PRE_COMPACT: Snapshot saved. All tasks done. Resume with /build.
[2026-03-29T05:09:09.361Z] PRE_COMPACT: Snapshot saved. All tasks done. Resume with /build.
[2026-03-29T05:26:42.607Z] PRE_COMPACT: Snapshot saved. All tasks done. Resume with /build.
[2026-03-29T06:02:52.906Z] PRE_COMPACT: Snapshot saved. All tasks done. Resume with /build.
[2026-03-29T08:16:20.779Z] PRE_COMPACT: Snapshot saved. All tasks done. Resume with /build.
[2026-03-29T08:45:45.002Z] PRE_COMPACT: Snapshot saved. All tasks done. Resume with /build.
[2026-03-29T09:01:45.329Z] PRE_COMPACT: Snapshot saved. All tasks done. Resume with /build.
[2026-03-29T09:06:45.942Z] PRE_COMPACT: Snapshot saved. All tasks done. Resume with /build.
[2026-03-29T09:11:15.016Z] PRE_COMPACT: Snapshot saved. All tasks done. Resume with /build.
[2026-03-29T09:26:51.819Z] PRE_COMPACT: Snapshot saved. All tasks done. Resume with /build.
[2026-03-29T09:43:43.646Z] PRE_COMPACT: Snapshot saved. All tasks done. Resume with /build.
[2026-03-29T14:07:39Z] COMPACT_HANDOFF: Spec approved. 4 tasks PENDING. Compact and resume with /build.
[2026-03-29T14:09:24.541Z] PRE_COMPACT: Snapshot saved. Task 1 of 4 (PENDING). Resume with /build.
[2026-03-29T14:34:45Z] COMPLETE: All 4 tasks done, strategy=balanced
[2026-03-30T04:57:48.959Z] PRE_COMPACT: Snapshot saved. All tasks done. Resume with /build.
[2026-03-30T05:17:16.000Z] PRE_COMPACT: Snapshot saved. All tasks done. Resume with /build.
[2026-03-30T07:20:20.685Z] PRE_COMPACT: Snapshot saved. All tasks done. Resume with /build.
[2026-03-30T07:41:48.784Z] PRE_COMPACT: Snapshot saved. All tasks done. Resume with /build.
[2026-03-30T07:57:58.691Z] PRE_COMPACT: Snapshot saved. All tasks done. Resume with /build.
[2026-03-31T06:38:52.756Z] PRE_COMPACT: Snapshot saved. All tasks done. Resume with /build.
[2026-04-02T05:33:25.389Z] PRE_COMPACT: Snapshot saved. All tasks done. Resume with /build.
[2026-04-02T13:58:26.367Z] PRE_COMPACT: Snapshot saved. All tasks done. Resume with /build.
[2026-04-02T15:05:41.159Z] PRE_COMPACT: Snapshot saved. All tasks done. Resume with /build.
[2026-04-03T05:24:46.575Z] PRE_COMPACT: Snapshot saved. All tasks done. Resume with /build.
[2026-04-03T06:31:18.506Z] PRE_COMPACT: Snapshot saved. All tasks done. Resume with /build.
[2026-04-03T12:04:19.732Z] PRE_COMPACT: Snapshot saved. All tasks done. Resume with /build.
[2026-04-03T12:45:34.556Z] PRE_COMPACT: Snapshot saved. All tasks done. Resume with /build.
[2026-04-03T15:51:53.204Z] PRE_COMPACT: Snapshot saved. All tasks done. Resume with /build.
[2026-04-03T17:00:36.276Z] PRE_COMPACT: Snapshot saved. All tasks done. Resume with /build.
[2026-04-03T18:13:51.563Z] PRE_COMPACT: Snapshot saved. All tasks done. Resume with /build.
[2026-04-03T18:58:37.624Z] PRE_COMPACT: Snapshot saved. All tasks done. Resume with /build.
[2026-04-03T19:08:27.218Z] PRE_COMPACT: Snapshot saved. All tasks done. Resume with /build.
